<?xml version="1.0" encoding="utf-8"?><testsuites name="pytest tests"><testsuite name="pytest" errors="0" failures="0" skipped="0" tests="5" time="0.956" timestamp="2026-02-26T00:49:49.643990+00:00" hostname="agent-env-b6d285b3-a63a-445a-9148-4ffd7b5a7ae6"><testcase classname="backend.tests.test_charm_thai.TestAPI" name="test_api_root" time="0.322" /><testcase classname="backend.tests.test_charm_thai.TestAPI" name="test_enquiry_post" time="0.183" /><testcase classname="backend.tests.test_charm_thai.TestAPI" name="test_enquiry_minimal" time="0.156" /><testcase classname="backend.tests.test_charm_thai.TestAPI" name="test_enquiry_missing_required" time="0.131" /><testcase classname="backend.tests.test_charm_thai.TestAPI" name="test_get_enquiries" time="0.107" /></testsuite></testsuites>